-------------------------------------------------------------------------------
Test set: com.sg.classroster.dao.CourseDaoDBTest
-------------------------------------------------------------------------------
Tests run: 6, Failures: 0, Errors: 6, Skipped: 0, Time elapsed: 6.362 s <<< FAILURE! - in com.sg.classroster.dao.CourseDaoDBTest
testUpdateCourse  Time elapsed: 1.247 s  <<< ERROR!
org.springframework.jdbc.CannotGetJdbcConnectionException: Failed to obtain JDBC Connection; nested exception is java.sql.SQLException: Access denied for user 'root'@'localhost' (using password: YES)
	at com.sg.classroster.dao.CourseDaoDBTest.setUp(CourseDaoDBTest.java:56)
Caused by: java.sql.SQLException: Access denied for user 'root'@'localhost' (using password: YES)
	at com.sg.classroster.dao.CourseDaoDBTest.setUp(CourseDaoDBTest.java:56)

testGetAllCourses  Time elapsed: 1.026 s  <<< ERROR!
org.springframework.jdbc.CannotGetJdbcConnectionException: Failed to obtain JDBC Connection; nested exception is java.sql.SQLException: Access denied for user 'root'@'localhost' (using password: YES)
	at com.sg.classroster.dao.CourseDaoDBTest.setUp(CourseDaoDBTest.java:56)
Caused by: java.sql.SQLException: Access denied for user 'root'@'localhost' (using password: YES)
	at com.sg.classroster.dao.CourseDaoDBTest.setUp(CourseDaoDBTest.java:56)

testGetCoursesForStudent  Time elapsed: 1.014 s  <<< ERROR!
org.springframework.jdbc.CannotGetJdbcConnectionException: Failed to obtain JDBC Connection; nested exception is java.sql.SQLException: Access denied for user 'root'@'localhost' (using password: YES)
	at com.sg.classroster.dao.CourseDaoDBTest.setUp(CourseDaoDBTest.java:56)
Caused by: java.sql.SQLException: Access denied for user 'root'@'localhost' (using password: YES)
	at com.sg.classroster.dao.CourseDaoDBTest.setUp(CourseDaoDBTest.java:56)

testDeleteCourseById  Time elapsed: 1.018 s  <<< ERROR!
org.springframework.jdbc.CannotGetJdbcConnectionException: Failed to obtain JDBC Connection; nested exception is java.sql.SQLException: Access denied for user 'root'@'localhost' (using password: YES)
	at com.sg.classroster.dao.CourseDaoDBTest.setUp(CourseDaoDBTest.java:56)
Caused by: java.sql.SQLException: Access denied for user 'root'@'localhost' (using password: YES)
	at com.sg.classroster.dao.CourseDaoDBTest.setUp(CourseDaoDBTest.java:56)

testGetCoursesForTeacher  Time elapsed: 1.027 s  <<< ERROR!
org.springframework.jdbc.CannotGetJdbcConnectionException: Failed to obtain JDBC Connection; nested exception is java.sql.SQLException: Access denied for user 'root'@'localhost' (using password: YES)
	at com.sg.classroster.dao.CourseDaoDBTest.setUp(CourseDaoDBTest.java:56)
Caused by: java.sql.SQLException: Access denied for user 'root'@'localhost' (using password: YES)
	at com.sg.classroster.dao.CourseDaoDBTest.setUp(CourseDaoDBTest.java:56)

testAddAndGetCourse  Time elapsed: 1.025 s  <<< ERROR!
org.springframework.jdbc.CannotGetJdbcConnectionException: Failed to obtain JDBC Connection; nested exception is java.sql.SQLException: Access denied for user 'root'@'localhost' (using password: YES)
	at com.sg.classroster.dao.CourseDaoDBTest.setUp(CourseDaoDBTest.java:56)
Caused by: java.sql.SQLException: Access denied for user 'root'@'localhost' (using password: YES)
	at com.sg.classroster.dao.CourseDaoDBTest.setUp(CourseDaoDBTest.java:56)

